<?xml version="1.0" encoding="UTF-8"?>
<testng-results ignored="0" total="1" passed="1" failed="0" skipped="0">
  <reporter-output>
  </reporter-output>
  <suite started-at="2021-03-26T18:54:30 CDT" name="Default suite" finished-at="2021-03-26T18:54:30 CDT" duration-ms="48">
    <groups>
    </groups>
    <test started-at="2021-03-26T18:54:30 CDT" name="Default test" finished-at="2021-03-26T18:54:30 CDT" duration-ms="48">
      <class name="Assertion.PaginationHelperClassAssertions">
        <test-method signature="ValidationForPaginationHelperClassTest()[pri:0, instance:Assertion.PaginationHelperClassAssertions@2e377400]" started-at="2021-03-26T18:54:30 CDT" name="ValidationForPaginationHelperClassTest" finished-at="2021-03-26T18:54:30 CDT" duration-ms="14" status="PASS">
          <reporter-output>
          </reporter-output>
        </test-method> <!-- ValidationForPaginationHelperClassTest -->
      </class> <!-- Assertion.PaginationHelperClassAssertions -->
    </test> <!-- Default test -->
  </suite> <!-- Default suite -->
</testng-results>
